16:54:00.281 [main] INFO  - Browser launched and booking page opened at: https://webapps.tekstac.com/SeleniumApp2/CallTaxiService/booking.html
16:54:00.330 [main] INFO  - Filling form with: {Name=Alice, Phone=9876543210, Email=alice@mail.com, Trip=long, Cab=Mini, CabType=AC, Date=2025-07-28, Time=09:30, Passenger=2, TripType=null}
16:54:02.142 [main] INFO  - Form filled successfully.
16:54:02.221 [main] INFO  - Clicked on Book Now button.
16:54:12.603 [main] ERROR - Trip Type error message NOT displayed. Expected: Error Message for Trip Type Field
org.openqa.selenium.NoSuchElementException: Expected Trip Type Selection error message not found: By.id: invalidtriptype. Timeout: 10s
For documentation on this error, please visit: https://www.selenium.dev/documentation/webdriver/troubleshooting/errors#no-such-element-exception
Build info: version: '4.20.0', revision: '866c76ca80'
System info: os.name: 'Windows 11', os.arch: 'amd64', os.version: '10.0', java.version: '21.0.7'
Driver info: driver.version: unknown
	at com.CallTaxiService.cucumber.pages.BookingPage.getErrorText(BookingPage.java:174) ~[test-classes/:?]
	at com.CallTaxiService.cucumber.pages.BookingPage.getTripTypeError(BookingPage.java:211) ~[test-classes/:?]
	at com.CallTaxiService.cucumber.stepDefinitions.BookingSteps.trip_type_error_displayed(BookingSteps.java:293) ~[test-classes/:?]
	at jdk.internal.reflect.DirectMethodHandleAccessor.invoke(DirectMethodHandleAccessor.java:103) ~[?:?]
	at java.lang.reflect.Method.invoke(Method.java:580) ~[?:?]
	at io.cucumber.java.Invoker.doInvoke(Invoker.java:66) ~[cucumber-java-7.14.0.jar:7.14.0]
	at io.cucumber.java.Invoker.invoke(Invoker.java:24) ~[cucumber-java-7.14.0.jar:7.14.0]
	at io.cucumber.java.AbstractGlueDefinition.invokeMethod(AbstractGlueDefinition.java:47) ~[cucumber-java-7.14.0.jar:7.14.0]
	at io.cucumber.java.JavaStepDefinition.execute(JavaStepDefinition.java:29) ~[cucumber-java-7.14.0.jar:7.14.0]
	at io.cucumber.core.runner.CoreStepDefinition.execute(CoreStepDefinition.java:66) ~[cucumber-core-7.14.0.jar:7.14.0]
	at io.cucumber.core.runner.PickleStepDefinitionMatch.runStep(PickleStepDefinitionMatch.java:63) ~[cucumber-core-7.14.0.jar:7.14.0]
	at io.cucumber.core.runner.ExecutionMode$1.execute(ExecutionMode.java:10) ~[cucumber-core-7.14.0.jar:7.14.0]
	at io.cucumber.core.runner.TestStep.executeStep(TestStep.java:84) ~[cucumber-core-7.14.0.jar:7.14.0]
	at io.cucumber.core.runner.TestStep.run(TestStep.java:56) ~[cucumber-core-7.14.0.jar:7.14.0]
	at io.cucumber.core.runner.PickleStepTestStep.run(PickleStepTestStep.java:51) ~[cucumber-core-7.14.0.jar:7.14.0]
	at io.cucumber.core.runner.TestCase.run(TestCase.java:84) ~[cucumber-core-7.14.0.jar:7.14.0]
	at io.cucumber.core.runner.Runner.runPickle(Runner.java:75) ~[cucumber-core-7.14.0.jar:7.14.0]
	at io.cucumber.testng.TestNGCucumberRunner.lambda$runScenario$1(TestNGCucumberRunner.java:132) ~[cucumber-testng-7.14.0.jar:7.14.0]
	at io.cucumber.core.runtime.CucumberExecutionContext.lambda$runTestCase$5(CucumberExecutionContext.java:137) ~[cucumber-core-7.14.0.jar:7.14.0]
	at io.cucumber.core.runtime.RethrowingThrowableCollector.executeAndThrow(RethrowingThrowableCollector.java:23) ~[cucumber-core-7.14.0.jar:7.14.0]
	at io.cucumber.core.runtime.CucumberExecutionContext.runTestCase(CucumberExecutionContext.java:137) ~[cucumber-core-7.14.0.jar:7.14.0]
	at io.cucumber.testng.TestNGCucumberRunner.runScenario(TestNGCucumberRunner.java:129) ~[cucumber-testng-7.14.0.jar:7.14.0]
	at io.cucumber.testng.AbstractTestNGCucumberTests.runScenario(AbstractTestNGCucumberTests.java:35) ~[cucumber-testng-7.14.0.jar:7.14.0]
	at jdk.internal.reflect.DirectMethodHandleAccessor.invoke(DirectMethodHandleAccessor.java:103) ~[?:?]
	at java.lang.reflect.Method.invoke(Method.java:580) ~[?:?]
	at org.testng.internal.invokers.MethodInvocationHelper.invokeMethod(MethodInvocationHelper.java:141) ~[testng-7.10.2.jar:7.10.2]
	at org.testng.internal.invokers.TestInvoker.invokeMethod(TestInvoker.java:686) ~[testng-7.10.2.jar:7.10.2]
	at org.testng.internal.invokers.TestInvoker.invokeTestMethod(TestInvoker.java:230) ~[testng-7.10.2.jar:7.10.2]
	at org.testng.internal.invokers.MethodRunner.runInSequence(MethodRunner.java:63) ~[testng-7.10.2.jar:7.10.2]
	at org.testng.internal.invokers.TestInvoker$MethodInvocationAgent.invoke(TestInvoker.java:992) ~[testng-7.10.2.jar:7.10.2]
	at org.testng.internal.invokers.TestInvoker.invokeTestMethods(TestInvoker.java:203) ~[testng-7.10.2.jar:7.10.2]
	at org.testng.internal.invokers.TestMethodWorker.invokeTestMethods(TestMethodWorker.java:154) ~[testng-7.10.2.jar:7.10.2]
	at org.testng.internal.invokers.TestMethodWorker.run(TestMethodWorker.java:134) ~[testng-7.10.2.jar:7.10.2]
	at java.util.ArrayList.forEach(ArrayList.java:1596) [?:?]
	at org.testng.TestRunner.privateRun(TestRunner.java:739) [testng-7.10.2.jar:7.10.2]
	at org.testng.TestRunner.run(TestRunner.java:614) [testng-7.10.2.jar:7.10.2]
	at org.testng.SuiteRunner.runTest(SuiteRunner.java:421) [testng-7.10.2.jar:7.10.2]
	at org.testng.SuiteRunner.runSequentially(SuiteRunner.java:413) [testng-7.10.2.jar:7.10.2]
	at org.testng.SuiteRunner.privateRun(SuiteRunner.java:373) [testng-7.10.2.jar:7.10.2]
	at org.testng.SuiteRunner.run(SuiteRunner.java:312) [testng-7.10.2.jar:7.10.2]
	at org.testng.SuiteRunnerWorker.runSuite(SuiteRunnerWorker.java:52) [testng-7.10.2.jar:7.10.2]
	at org.testng.SuiteRunnerWorker.run(SuiteRunnerWorker.java:95) [testng-7.10.2.jar:7.10.2]
	at org.testng.TestNG.runSuitesSequentially(TestNG.java:1274) [testng-7.10.2.jar:7.10.2]
	at org.testng.TestNG.runSuitesLocally(TestNG.java:1208) [testng-7.10.2.jar:7.10.2]
	at org.testng.TestNG.runSuites(TestNG.java:1112) [testng-7.10.2.jar:7.10.2]
	at org.testng.TestNG.run(TestNG.java:1079) [testng-7.10.2.jar:7.10.2]
	at org.apache.maven.surefire.testng.TestNGExecutor.run(TestNGExecutor.java:155) [surefire-testng-3.0.0.jar:3.0.0]
	at org.apache.maven.surefire.testng.TestNGDirectoryTestSuite.executeMulti(TestNGDirectoryTestSuite.java:169) [surefire-testng-3.0.0.jar:3.0.0]
	at org.apache.maven.surefire.testng.TestNGDirectoryTestSuite.execute(TestNGDirectoryTestSuite.java:88) [surefire-testng-3.0.0.jar:3.0.0]
	at org.apache.maven.surefire.testng.TestNGProvider.invoke(TestNGProvider.java:137) [surefire-testng-3.0.0.jar:3.0.0]
	at org.apache.maven.surefire.booter.ForkedBooter.runSuitesInProcess(ForkedBooter.java:385) [surefire-booter-3.0.0.jar:3.0.0]
	at org.apache.maven.surefire.booter.ForkedBooter.execute(ForkedBooter.java:162) [surefire-booter-3.0.0.jar:3.0.0]
	at org.apache.maven.surefire.booter.ForkedBooter.run(ForkedBooter.java:507) [surefire-booter-3.0.0.jar:3.0.0]
	at org.apache.maven.surefire.booter.ForkedBooter.main(ForkedBooter.java:495) [surefire-booter-3.0.0.jar:3.0.0]
16:54:16.709 [main] INFO  - Attempting to click on cab type link: mini
16:54:17.430 [main] INFO  - Clicked on Mini cab link
16:54:17.644 [main] INFO  - Current page URL: https://webapps.tekstac.com/SeleniumApp2/CallTaxiService/mini.html
16:54:21.612 [main] INFO  - Attempting to click on cab type link: micro
16:54:22.275 [main] INFO  - Clicked on Micro cab link
16:54:22.495 [main] INFO  - Current page URL: https://webapps.tekstac.com/SeleniumApp2/CallTaxiService/micro.html
16:54:25.890 [main] INFO  - Attempting to click on cab type link: sedan
16:54:26.307 [main] INFO  - Clicked on Sedan cab link
16:54:26.706 [main] INFO  - Current page URL: https://webapps.tekstac.com/SeleniumApp2/CallTaxiService/sedan.html
16:54:30.116 [main] INFO  - Attempting to click on cab type link: suv
16:54:30.593 [main] INFO  - Clicked on Suv cab link
16:54:30.730 [main] INFO  - Current page URL: https://webapps.tekstac.com/SeleniumApp2/CallTaxiService/suv.html
